<?xml version="1.0" encoding="UTF-8"?>
<coverage generated="1752779677131" clover="3.2.0">
  <project timestamp="1752779677131" name="All files">
    <metrics statements="225" coveredstatements="171" conditionals="135" coveredconditionals="71" methods="65" coveredmethods="33" elements="425" coveredelements="275" complexity="0" loc="225" ncloc="225" packages="4" files="7" classes="7"/>
    <package name="auth">
      <metrics statements="24" coveredstatements="20" conditionals="12" coveredconditionals="2" methods="6" coveredmethods="2"/>
      <file name="AuthCommon.tsx" path="/Users/youminki/Documents/GitHub/Melpik_User_Web/src/auth/AuthCommon.tsx">
        <metrics statements="24" coveredstatements="20" conditionals="12" coveredconditionals="2" methods="6" coveredmethods="2"/>
        <line num="1" count="1" type="stmt"/>
        <line num="3" count="1" type="stmt"/>
        <line num="10" count="1" type="stmt"/>
        <line num="21" count="1" type="stmt"/>
        <line num="34" count="1" type="stmt"/>
        <line num="37" count="1" type="stmt"/>
        <line num="41" count="1" type="stmt"/>
        <line num="49" count="1" type="stmt"/>
        <line num="55" count="1" type="stmt"/>
        <line num="61" count="1" type="stmt"/>
        <line num="67" count="1" type="stmt"/>
        <line num="73" count="1" type="stmt"/>
        <line num="77" count="1" type="stmt"/>
        <line num="90" count="1" type="stmt"/>
        <line num="93" count="26" type="cond" truecount="1" falsecount="1"/>
        <line num="104" count="26" type="cond" truecount="1" falsecount="1"/>
        <line num="113" count="1" type="stmt"/>
        <line num="116" count="0" type="cond" truecount="0" falsecount="2"/>
        <line num="131" count="0" type="cond" truecount="0" falsecount="2"/>
        <line num="138" count="1" type="stmt"/>
        <line num="144" count="1" type="stmt"/>
        <line num="147" count="0" type="cond" truecount="0" falsecount="2"/>
        <line num="158" count="0" type="cond" truecount="0" falsecount="2"/>
        <line num="165" count="1" type="stmt"/>
      </file>
    </package>
    <package name="components">
      <metrics statements="72" coveredstatements="49" conditionals="65" coveredconditionals="28" methods="15" coveredmethods="7"/>
      <file name="Button02.tsx" path="/Users/youminki/Documents/GitHub/Melpik_User_Web/src/components/Button02.tsx">
        <metrics statements="8" coveredstatements="6" conditionals="6" coveredconditionals="0" methods="2" coveredmethods="0"/>
        <line num="1" count="1" type="stmt"/>
        <line num="2" count="1" type="stmt"/>
        <line num="11" count="1" type="stmt"/>
        <line num="12" count="0" type="stmt"/>
        <line num="19" count="1" type="stmt"/>
        <line num="21" count="1" type="stmt"/>
        <line num="30" count="1" type="stmt"/>
        <line num="49" count="0" type="cond" truecount="0" falsecount="2"/>
      </file>
      <file name="CustomSelect.tsx" path="/Users/youminki/Documents/GitHub/Melpik_User_Web/src/components/CustomSelect.tsx">
        <metrics statements="2" coveredstatements="2" conditionals="0" coveredconditionals="0" methods="0" coveredmethods="0"/>
        <line num="1" count="1" type="stmt"/>
        <line num="3" count="1" type="stmt"/>
      </file>
      <file name="InputField.tsx" path="/Users/youminki/Documents/GitHub/Melpik_User_Web/src/components/InputField.tsx">
        <metrics statements="49" coveredstatements="28" conditionals="51" coveredconditionals="22" methods="10" coveredmethods="4"/>
        <line num="3" count="1" type="stmt"/>
        <line num="4" count="1" type="stmt"/>
        <line num="5" count="1" type="stmt"/>
        <line num="7" count="1" type="stmt"/>
        <line num="8" count="1" type="stmt"/>
        <line num="33" count="0" type="stmt"/>
        <line num="34" count="0" type="stmt"/>
        <line num="35" count="0" type="stmt"/>
        <line num="36" count="0" type="cond" truecount="0" falsecount="2"/>
        <line num="37" count="0" type="stmt"/>
        <line num="38" count="0" type="stmt"/>
        <line num="40" count="0" type="cond" truecount="0" falsecount="2"/>
        <line num="41" count="0" type="stmt"/>
        <line num="43" count="0" type="cond" truecount="0" falsecount="2"/>
        <line num="47" count="0" type="stmt"/>
        <line num="49" count="0" type="stmt"/>
        <line num="53" count="1" type="stmt"/>
        <line num="77" count="32" type="stmt"/>
        <line num="81" count="32" type="stmt"/>
        <line num="82" count="0" type="stmt"/>
        <line num="83" count="0" type="stmt"/>
        <line num="84" count="0" type="stmt"/>
        <line num="87" count="32" type="stmt"/>
        <line num="88" count="0" type="cond" truecount="0" falsecount="2"/>
        <line num="89" count="0" type="cond" truecount="0" falsecount="2"/>
        <line num="90" count="0" type="stmt"/>
        <line num="96" count="0" type="stmt"/>
        <line num="99" count="32" type="stmt"/>
        <line num="100" count="0" type="cond" truecount="0" falsecount="2"/>
        <line num="101" count="0" type="stmt"/>
        <line num="104" count="32" type="stmt"/>
        <line num="127" count="30" type="stmt"/>
        <line num="157" count="0" type="stmt"/>
        <line num="181" count="1" type="stmt"/>
        <line num="185" count="1" type="stmt"/>
        <line num="191" count="1" type="stmt"/>
        <line num="195" count="32" type="cond" truecount="1" falsecount="1"/>
        <line num="201" count="1" type="stmt"/>
        <line num="207" count="1" type="stmt"/>
        <line num="212" count="1" type="stmt"/>
        <line num="219" count="1" type="stmt"/>
        <line num="226" count="1" type="stmt"/>
        <line num="233" count="1" type="stmt"/>
        <line num="237" count="1" type="stmt"/>
        <line num="243" count="32" type="cond" truecount="1" falsecount="1"/>
        <line num="246" count="1" type="stmt"/>
        <line num="254" count="1" type="stmt"/>
        <line num="262" count="1" type="stmt"/>
        <line num="268" count="1" type="stmt"/>
      </file>
      <file name="StatsSection.tsx" path="/Users/youminki/Documents/GitHub/Melpik_User_Web/src/components/StatsSection.tsx">
        <metrics statements="13" coveredstatements="13" conditionals="8" coveredconditionals="6" methods="3" coveredmethods="3"/>
        <line num="2" count="1" type="stmt"/>
        <line num="3" count="1" type="stmt"/>
        <line num="13" count="1" type="stmt"/>
        <line num="20" count="17" type="stmt"/>
        <line num="37" count="1" type="stmt"/>
        <line num="39" count="1" type="stmt"/>
        <line num="46" count="1" type="stmt"/>
        <line num="54" count="34" type="cond" truecount="3" falsecount="1"/>
        <line num="57" count="34" type="cond" truecount="3" falsecount="1"/>
        <line num="65" count="1" type="stmt"/>
        <line num="72" count="1" type="stmt"/>
        <line num="80" count="1" type="stmt"/>
        <line num="89" count="1" type="stmt"/>
      </file>
    </package>
    <package name="pages.Melpik.Setting">
      <metrics statements="126" coveredstatements="99" conditionals="58" coveredconditionals="41" methods="44" coveredmethods="24"/>
      <file name="SettingMelpik.tsx" path="/Users/youminki/Documents/GitHub/Melpik_User_Web/src/pages/Melpik/Setting/SettingMelpik.tsx">
        <metrics statements="126" coveredstatements="99" conditionals="58" coveredconditionals="41" methods="44" coveredmethods="24"/>
        <line num="1" count="1" type="stmt"/>
        <line num="2" count="1" type="stmt"/>
        <line num="3" count="1" type="stmt"/>
        <line num="4" count="1" type="stmt"/>
        <line num="5" count="1" type="stmt"/>
        <line num="6" count="1" type="stmt"/>
        <line num="7" count="1" type="stmt"/>
        <line num="15" count="1" type="stmt"/>
        <line num="23" count="1" type="stmt"/>
        <line num="33" count="1" type="stmt"/>
        <line num="41" count="1" type="stmt"/>
        <line num="53" count="1" type="stmt"/>
        <line num="61" count="1" type="stmt"/>
        <line num="65" count="1" type="stmt"/>
        <line num="74" count="1" type="stmt"/>
        <line num="102" count="1" type="stmt"/>
        <line num="103" count="17" type="stmt"/>
        <line num="104" count="17" type="stmt"/>
        <line num="105" count="17" type="stmt"/>
        <line num="107" count="17" type="stmt"/>
        <line num="108" count="17" type="stmt"/>
        <line num="110" count="17" type="stmt"/>
        <line num="111" count="17" type="stmt"/>
        <line num="113" count="17" type="stmt"/>
        <line num="119" count="17" type="stmt"/>
        <line num="124" count="17" type="stmt"/>
        <line num="125" count="17" type="stmt"/>
        <line num="127" count="17" type="stmt"/>
        <line num="129" count="17" type="stmt"/>
        <line num="130" count="0" type="cond" truecount="0" falsecount="4"/>
        <line num="131" count="0" type="stmt"/>
        <line num="132" count="0" type="stmt"/>
        <line num="133" count="0" type="stmt"/>
        <line num="137" count="17" type="stmt"/>
        <line num="138" count="6" type="cond" truecount="1" falsecount="1"/>
        <line num="139" count="6" type="stmt"/>
        <line num="141" count="0" type="stmt"/>
        <line num="144" count="17" type="stmt"/>
        <line num="145" count="17" type="stmt"/>
        <line num="148" count="17" type="stmt"/>
        <line num="149" count="5" type="stmt"/>
        <line num="150" count="5" type="stmt"/>
        <line num="152" count="4" type="stmt"/>
        <line num="157" count="1" type="stmt"/>
        <line num="165" count="4" type="stmt"/>
        <line num="173" count="1" type="cond" truecount="1" falsecount="1"/>
        <line num="174" count="1" type="stmt"/>
        <line num="175" count="1" type="stmt"/>
        <line num="176" count="1" type="stmt"/>
        <line num="179" count="1" type="stmt"/>
        <line num="180" count="1" type="stmt"/>
        <line num="185" count="0" type="stmt"/>
        <line num="193" count="1" type="stmt"/>
        <line num="203" count="5" type="stmt"/>
        <line num="207" count="17" type="stmt"/>
        <line num="208" count="0" type="stmt"/>
        <line num="209" count="0" type="stmt"/>
        <line num="212" count="17" type="stmt"/>
        <line num="213" count="0" type="stmt"/>
        <line num="215" count="0" type="stmt"/>
        <line num="222" count="17" type="stmt"/>
        <line num="225" count="17" type="cond" truecount="1" falsecount="1"/>
        <line num="234" count="17" type="stmt"/>
        <line num="241" count="17" type="cond" truecount="1" falsecount="1"/>
        <line num="245" count="17" type="stmt"/>
        <line num="248" count="17" type="cond" truecount="1" falsecount="1"/>
        <line num="251" count="17" type="cond" truecount="1" falsecount="1"/>
        <line num="258" count="17" type="stmt"/>
        <line num="265" count="68" type="cond" truecount="2" falsecount="0"/>
        <line num="266" count="68" type="cond" truecount="2" falsecount="0"/>
        <line num="275" count="68" type="cond" truecount="2" falsecount="0"/>
        <line num="280" count="17" type="stmt"/>
        <line num="293" count="17" type="stmt"/>
        <line num="301" count="17" type="stmt"/>
        <line num="305" count="51" type="cond" truecount="4" falsecount="0"/>
        <line num="321" count="17" type="stmt"/>
        <line num="328" count="51" type="cond" truecount="1" falsecount="1"/>
        <line num="335" count="17" type="stmt"/>
        <line num="349" count="17" type="stmt"/>
        <line num="355" count="17" type="stmt"/>
        <line num="362" count="17" type="stmt"/>
        <line num="374" count="17" type="stmt"/>
        <line num="387" count="17" type="stmt"/>
        <line num="411" count="17" type="stmt"/>
        <line num="414" count="17" type="stmt"/>
        <line num="421" count="17" type="stmt"/>
        <line num="422" count="17" type="stmt"/>
        <line num="425" count="17" type="stmt"/>
        <line num="426" count="0" type="stmt"/>
        <line num="427" count="0" type="stmt"/>
        <line num="429" count="17" type="stmt"/>
        <line num="430" count="0" type="stmt"/>
        <line num="431" count="0" type="stmt"/>
        <line num="435" count="17" type="stmt"/>
        <line num="437" count="6" type="stmt"/>
        <line num="447" count="1" type="stmt"/>
        <line num="465" count="0" type="stmt"/>
        <line num="478" count="0" type="stmt"/>
        <line num="490" count="17" type="stmt"/>
        <line num="492" count="7" type="stmt"/>
        <line num="501" count="1" type="stmt"/>
        <line num="511" count="1" type="stmt"/>
        <line num="519" count="17" type="stmt"/>
        <line num="520" count="0" type="stmt"/>
        <line num="525" count="0" type="stmt"/>
        <line num="526" count="0" type="stmt"/>
        <line num="528" count="17" type="stmt"/>
        <line num="529" count="0" type="stmt"/>
        <line num="533" count="0" type="stmt"/>
        <line num="542" count="0" type="stmt"/>
        <line num="543" count="0" type="stmt"/>
        <line num="546" count="17" type="stmt"/>
        <line num="632" count="0" type="stmt"/>
        <line num="683" count="1" type="stmt"/>
        <line num="690" count="0" type="stmt"/>
        <line num="700" count="0" type="stmt"/>
        <line num="709" count="0" type="stmt"/>
        <line num="720" count="1" type="stmt"/>
        <line num="722" count="1" type="stmt"/>
        <line num="731" count="1" type="stmt"/>
        <line num="736" count="1" type="stmt"/>
        <line num="742" count="1" type="stmt"/>
        <line num="747" count="1" type="stmt"/>
        <line num="754" count="1" type="stmt"/>
        <line num="760" count="1" type="stmt"/>
        <line num="769" count="1" type="stmt"/>
      </file>
    </package>
    <package name="styles">
      <metrics statements="3" coveredstatements="3" conditionals="0" coveredconditionals="0" methods="0" coveredmethods="0"/>
      <file name="Theme.ts" path="/Users/youminki/Documents/GitHub/Melpik_User_Web/src/styles/Theme.ts">
        <metrics statements="3" coveredstatements="3" conditionals="0" coveredconditionals="0" methods="0" coveredmethods="0"/>
        <line num="1" count="1" type="stmt"/>
        <line num="3" count="1" type="stmt"/>
        <line num="114" count="1" type="stmt"/>
      </file>
    </package>
  </project>
</coverage>
