{"/Users/youminki/Documents/GitHub/Melpik_User_Web/src/auth/AuthCommon.tsx": {"path":"/Users/youminki/Documents/GitHub/Melpik_User_Web/src/auth/AuthCommon.tsx","statementMap":{"0":{"start":{"line":1,"column":0},"end":{"line":1,"column":39}},"1":{"start":{"line":3,"column":13},"end":{"line":9,"column":2}},"2":{"start":{"line":10,"column":13},"end":{"line":20,"column":2}},"3":{"start":{"line":21,"column":13},"end":{"line":33,"column":2}},"4":{"start":{"line":34,"column":13},"end":{"line":36,"column":2}},"5":{"start":{"line":37,"column":13},"end":{"line":40,"column":2}},"6":{"start":{"line":41,"column":13},"end":{"line":48,"column":2}},"7":{"start":{"line":49,"column":13},"end":{"line":54,"column":2}},"8":{"start":{"line":55,"column":13},"end":{"line":60,"column":2}},"9":{"start":{"line":61,"column":13},"end":{"line":66,"column":2}},"10":{"start":{"line":67,"column":13},"end":{"line":72,"column":2}},"11":{"start":{"line":73,"column":13},"end":{"line":76,"column":2}},"12":{"start":{"line":77,"column":13},"end":{"line":89,"column":2}},"13":{"start":{"line":90,"column":13},"end":{"line":112,"column":2}},"14":{"start":{"line":93,"column":41},"end":{"line":93,"column":73}},"15":{"start":{"line":104,"column":39},"end":{"line":104,"column":71}},"16":{"start":{"line":113,"column":13},"end":{"line":137,"column":2}},"17":{"start":{"line":116,"column":43},"end":{"line":116,"column":75}},"18":{"start":{"line":131,"column":39},"end":{"line":131,"column":71}},"19":{"start":{"line":138,"column":13},"end":{"line":143,"column":2}},"20":{"start":{"line":144,"column":13},"end":{"line":164,"column":2}},"21":{"start":{"line":147,"column":33},"end":{"line":147,"column":60}},"22":{"start":{"line":158,"column":35},"end":{"line":158,"column":62}},"23":{"start":{"line":165,"column":13},"end":{"line":171,"column":2}}},"fnMap":{"0":{"name":"(anonymous_0)","decl":{"start":{"line":93,"column":22},"end":{"line":93,"column":23}},"loc":{"start":{"line":93,"column":41},"end":{"line":93,"column":73}}},"1":{"name":"(anonymous_1)","decl":{"start":{"line":104,"column":20},"end":{"line":104,"column":21}},"loc":{"start":{"line":104,"column":39},"end":{"line":104,"column":71}}},"2":{"name":"(anonymous_2)","decl":{"start":{"line":116,"column":24},"end":{"line":116,"column":25}},"loc":{"start":{"line":116,"column":43},"end":{"line":116,"column":75}}},"3":{"name":"(anonymous_3)","decl":{"start":{"line":131,"column":20},"end":{"line":131,"column":21}},"loc":{"start":{"line":131,"column":39},"end":{"line":131,"column":71}}},"4":{"name":"(anonymous_4)","decl":{"start":{"line":147,"column":16},"end":{"line":147,"column":17}},"loc":{"start":{"line":147,"column":33},"end":{"line":147,"column":60}}},"5":{"name":"(anonymous_5)","decl":{"start":{"line":158,"column":18},"end":{"line":158,"column":19}},"loc":{"start":{"line":158,"column":35},"end":{"line":158,"column":62}}}},"branchMap":{"0":{"loc":{"start":{"line":93,"column":41},"end":{"line":93,"column":73}},"type":"cond-expr","locations":[{"start":{"line":93,"column":52},"end":{"line":93,"column":61}},{"start":{"line":93,"column":64},"end":{"line":93,"column":73}}]},"1":{"loc":{"start":{"line":104,"column":39},"end":{"line":104,"column":71}},"type":"cond-expr","locations":[{"start":{"line":104,"column":50},"end":{"line":104,"column":59}},{"start":{"line":104,"column":62},"end":{"line":104,"column":71}}]},"2":{"loc":{"start":{"line":116,"column":43},"end":{"line":116,"column":75}},"type":"cond-expr","locations":[{"start":{"line":116,"column":54},"end":{"line":116,"column":63}},{"start":{"line":116,"column":66},"end":{"line":116,"column":75}}]},"3":{"loc":{"start":{"line":131,"column":39},"end":{"line":131,"column":71}},"type":"cond-expr","locations":[{"start":{"line":131,"column":50},"end":{"line":131,"column":59}},{"start":{"line":131,"column":62},"end":{"line":131,"column":71}}]},"4":{"loc":{"start":{"line":147,"column":33},"end":{"line":147,"column":60}},"type":"cond-expr","locations":[{"start":{"line":147,"column":42},"end":{"line":147,"column":48}},{"start":{"line":147,"column":51},"end":{"line":147,"column":60}}]},"5":{"loc":{"start":{"line":158,"column":35},"end":{"line":158,"column":62}},"type":"cond-expr","locations":[{"start":{"line":158,"column":44},"end":{"line":158,"column":50}},{"start":{"line":158,"column":53},"end":{"line":158,"column":62}}]}},"s":{"0":1,"1":1,"2":1,"3":1,"4":1,"5":1,"6":1,"7":1,"8":1,"9":1,"10":1,"11":1,"12":1,"13":1,"14":26,"15":26,"16":1,"17":0,"18":0,"19":1,"20":1,"21":0,"22":0,"23":1},"f":{"0":26,"1":26,"2":0,"3":0,"4":0,"5":0},"b":{"0":[0,26],"1":[0,26],"2":[0,0],"3":[0,0],"4":[0,0],"5":[0,0]}}
,"/Users/youminki/Documents/GitHub/Melpik_User_Web/src/components/Button02.tsx": {"path":"/Users/youminki/Documents/GitHub/Melpik_User_Web/src/components/Button02.tsx","statementMap":{"0":{"start":{"line":1,"column":0},"end":{"line":1,"column":26}},"1":{"start":{"line":2,"column":0},"end":{"line":2,"column":59}},"2":{"start":{"line":11,"column":42},"end":{"line":17,"column":1}},"3":{"start":{"line":12,"column":2},"end":{"line":16,"column":4}},"4":{"start":{"line":19,"column":0},"end":{"line":19,"column":24}},"5":{"start":{"line":21,"column":23},"end":{"line":28,"column":2}},"6":{"start":{"line":30,"column":21},"end":{"line":97,"column":2}},"7":{"start":{"line":49,"column":4},"end":{"line":91,"column":null}}},"fnMap":{"0":{"name":"(anonymous_0)","decl":{"start":{"line":11,"column":42},"end":{"line":11,"column":43}},"loc":{"start":{"line":11,"column":75},"end":{"line":17,"column":1}}},"1":{"name":"(anonymous_1)","decl":{"start":{"line":48,"column":4},"end":{"line":48,"column":5}},"loc":{"start":{"line":49,"column":4},"end":{"line":91,"column":null}}}},"branchMap":{"0":{"loc":{"start":{"line":49,"column":4},"end":{"line":91,"column":null}},"type":"cond-expr","locations":[{"start":{"line":50,"column":8},"end":{"line":59,"column":null}},{"start":{"line":60,"column":8},"end":{"line":91,"column":null}}]},"1":{"loc":{"start":{"line":60,"column":8},"end":{"line":91,"column":null}},"type":"cond-expr","locations":[{"start":{"line":61,"column":10},"end":{"line":70,"column":null}},{"start":{"line":71,"column":10},"end":{"line":91,"column":null}}]},"2":{"loc":{"start":{"line":71,"column":10},"end":{"line":91,"column":null}},"type":"cond-expr","locations":[{"start":{"line":72,"column":12},"end":{"line":81,"column":null}},{"start":{"line":82,"column":12},"end":{"line":91,"column":null}}]}},"s":{"0":1,"1":1,"2":1,"3":0,"4":1,"5":1,"6":1,"7":0},"f":{"0":0,"1":0},"b":{"0":[0,0],"1":[0,0],"2":[0,0]}}
,"/Users/youminki/Documents/GitHub/Melpik_User_Web/src/components/CustomSelect.tsx": {"path":"/Users/youminki/Documents/GitHub/Melpik_User_Web/src/components/CustomSelect.tsx","statementMap":{"0":{"start":{"line":1,"column":0},"end":{"line":1,"column":39}},"1":{"start":{"line":3,"column":13},"end":{"line":26,"column":2}}},"fnMap":{},"branchMap":{},"s":{"0":1,"1":1},"f":{},"b":{}}
,"/Users/youminki/Documents/GitHub/Melpik_User_Web/src/components/InputField.tsx": {"path":"/Users/youminki/Documents/GitHub/Melpik_User_Web/src/components/InputField.tsx","statementMap":{"0":{"start":{"line":3,"column":0},"end":{"line":3,"column":73}},"1":{"start":{"line":4,"column":0},"end":{"line":4,"column":39}},"2":{"start":{"line":5,"column":0},"end":{"line":5,"column":34}},"3":{"start":{"line":7,"column":0},"end":{"line":7,"column":49}},"4":{"start":{"line":8,"column":0},"end":{"line":8,"column":46}},"5":{"start":{"line":33,"column":17},"end":{"line":33,"column":52}},"6":{"start":{"line":34,"column":18},"end":{"line":34,"column":23}},"7":{"start":{"line":35,"column":2},"end":{"line":50,"column":5}},"8":{"start":{"line":36,"column":4},"end":{"line":39,"column":5}},"9":{"start":{"line":37,"column":6},"end":{"line":37,"column":23}},"10":{"start":{"line":38,"column":6},"end":{"line":38,"column":50}},"11":{"start":{"line":40,"column":4},"end":{"line":42,"column":5}},"12":{"start":{"line":41,"column":6},"end":{"line":41,"column":50}},"13":{"start":{"line":43,"column":4},"end":{"line":48,"column":5}},"14":{"start":{"line":47,"column":6},"end":{"line":47,"column":50}},"15":{"start":{"line":49,"column":4},"end":{"line":49,"column":60}},"16":{"start":{"line":53,"column":19},"end":{"line":178,"column":null}},"17":{"start":{"line":77,"column":48},"end":{"line":78,"column":null}},"18":{"start":{"line":81,"column":31},"end":{"line":85,"column":5}},"19":{"start":{"line":82,"column":18},"end":{"line":82,"column":32}},"20":{"start":{"line":83,"column":6},"end":{"line":83,"column":29}},"21":{"start":{"line":84,"column":6},"end":{"line":84,"column":28}},"22":{"start":{"line":87,"column":32},"end":{"line":97,"column":5}},"23":{"start":{"line":88,"column":6},"end":{"line":88,"column":38}},"24":{"start":{"line":88,"column":26},"end":{"line":88,"column":38}},"25":{"start":{"line":89,"column":6},"end":{"line":95,"column":7}},"26":{"start":{"line":90,"column":8},"end":{"line":94,"column":10}},"27":{"start":{"line":96,"column":6},"end":{"line":96,"column":68}},"28":{"start":{"line":99,"column":32},"end":{"line":102,"column":5}},"29":{"start":{"line":100,"column":6},"end":{"line":100,"column":38}},"30":{"start":{"line":100,"column":26},"end":{"line":100,"column":38}},"31":{"start":{"line":101,"column":6},"end":{"line":101,"column":68}},"32":{"start":{"line":104,"column":4},"end":{"line":177,"column":6}},"33":{"start":{"line":127,"column":18},"end":{"line":128,"column":null}},"34":{"start":{"line":157,"column":26},"end":{"line":157,"column":42}},"35":{"start":{"line":181,"column":0},"end":{"line":181,"column":26}},"36":{"start":{"line":185,"column":23},"end":{"line":189,"column":2}},"37":{"start":{"line":191,"column":14},"end":{"line":199,"column":2}},"38":{"start":{"line":195,"column":35},"end":{"line":195,"column":66}},"39":{"start":{"line":201,"column":17},"end":{"line":205,"column":2}},"40":{"start":{"line":207,"column":17},"end":{"line":210,"column":2}},"41":{"start":{"line":212,"column":19},"end":{"line":217,"column":2}},"42":{"start":{"line":219,"column":26},"end":{"line":224,"column":2}},"43":{"start":{"line":226,"column":26},"end":{"line":231,"column":2}},"44":{"start":{"line":233,"column":17},"end":{"line":235,"column":2}},"45":{"start":{"line":237,"column":21},"end":{"line":244,"column":2}},"46":{"start":{"line":243,"column":42},"end":{"line":243,"column":73}},"47":{"start":{"line":246,"column":22},"end":{"line":252,"column":2}},"48":{"start":{"line":254,"column":22},"end":{"line":260,"column":2}},"49":{"start":{"line":262,"column":23},"end":{"line":266,"column":2}},"50":{"start":{"line":268,"column":21},"end":{"line":271,"column":2}}},"fnMap":{"0":{"name":"parsePrefixContent","decl":{"start":{"line":32,"column":9},"end":{"line":32,"column":27}},"loc":{"start":{"line":32,"column":43},"end":{"line":51,"column":1}}},"1":{"name":"(anonymous_1)","decl":{"start":{"line":35,"column":20},"end":{"line":35,"column":21}},"loc":{"start":{"line":35,"column":33},"end":{"line":50,"column":3}}},"2":{"name":"(anonymous_2)","decl":{"start":{"line":54,"column":2},"end":{"line":54,"column":null}},"loc":{"start":{"line":76,"column":6},"end":{"line":178,"column":3}}},"3":{"name":"(anonymous_3)","decl":{"start":{"line":81,"column":31},"end":{"line":81,"column":32}},"loc":{"start":{"line":81,"column":75},"end":{"line":85,"column":5}}},"4":{"name":"(anonymous_4)","decl":{"start":{"line":87,"column":32},"end":{"line":87,"column":35}},"loc":{"start":{"line":87,"column":37},"end":{"line":97,"column":5}}},"5":{"name":"(anonymous_5)","decl":{"start":{"line":99,"column":32},"end":{"line":99,"column":35}},"loc":{"start":{"line":99,"column":37},"end":{"line":102,"column":5}}},"6":{"name":"(anonymous_6)","decl":{"start":{"line":126,"column":29},"end":{"line":126,"column":30}},"loc":{"start":{"line":127,"column":18},"end":{"line":128,"column":null}}},"7":{"name":"(anonymous_7)","decl":{"start":{"line":156,"column":24},"end":{"line":156,"column":25}},"loc":{"start":{"line":157,"column":26},"end":{"line":157,"column":42}}},"8":{"name":"(anonymous_8)","decl":{"start":{"line":195,"column":16},"end":{"line":195,"column":17}},"loc":{"start":{"line":195,"column":35},"end":{"line":195,"column":66}}},"9":{"name":"(anonymous_9)","decl":{"start":{"line":243,"column":22},"end":{"line":243,"column":23}},"loc":{"start":{"line":243,"column":42},"end":{"line":243,"column":73}}}},"branchMap":{"0":{"loc":{"start":{"line":36,"column":4},"end":{"line":39,"column":5}},"type":"if","locations":[{"start":{"line":36,"column":4},"end":{"line":39,"column":5}},{"start":{},"end":{}}]},"1":{"loc":{"start":{"line":40,"column":4},"end":{"line":42,"column":5}},"type":"if","locations":[{"start":{"line":40,"column":4},"end":{"line":42,"column":5}},{"start":{},"end":{}}]},"2":{"loc":{"start":{"line":43,"column":4},"end":{"line":48,"column":5}},"type":"if","locations":[{"start":{"line":43,"column":4},"end":{"line":48,"column":5}},{"start":{},"end":{}}]},"3":{"loc":{"start":{"line":44,"column":6},"end":{"line":45,"column":22}},"type":"binary-expr","locations":[{"start":{"line":44,"column":7},"end":{"line":44,"column":28}},{"start":{"line":44,"column":32},"end":{"line":44,"column":51}},{"start":{"line":45,"column":6},"end":{"line":45,"column":22}}]},"4":{"loc":{"start":{"line":58,"column":6},"end":{"line":58,"column":19}},"type":"default-arg","locations":[{"start":{"line":58,"column":13},"end":{"line":58,"column":19}}]},"5":{"loc":{"start":{"line":61,"column":6},"end":{"line":61,"column":28}},"type":"default-arg","locations":[{"start":{"line":61,"column":20},"end":{"line":61,"column":28}}]},"6":{"loc":{"start":{"line":67,"column":6},"end":{"line":67,"column":23}},"type":"default-arg","locations":[{"start":{"line":67,"column":18},"end":{"line":67,"column":23}}]},"7":{"loc":{"start":{"line":70,"column":6},"end":{"line":70,"column":22}},"type":"default-arg","locations":[{"start":{"line":70,"column":17},"end":{"line":70,"column":22}}]},"8":{"loc":{"start":{"line":71,"column":6},"end":{"line":71,"column":26}},"type":"default-arg","locations":[{"start":{"line":71,"column":24},"end":{"line":71,"column":26}}]},"9":{"loc":{"start":{"line":78,"column":6},"end":{"line":78,"column":53}},"type":"cond-expr","locations":[{"start":{"line":78,"column":38},"end":{"line":78,"column":48}},{"start":{"line":78,"column":51},"end":{"line":78,"column":53}}]},"10":{"loc":{"start":{"line":78,"column":6},"end":{"line":78,"column":35}},"type":"binary-expr","locations":[{"start":{"line":78,"column":6},"end":{"line":78,"column":13}},{"start":{"line":78,"column":17},"end":{"line":78,"column":35}}]},"11":{"loc":{"start":{"line":88,"column":6},"end":{"line":88,"column":38}},"type":"if","locations":[{"start":{"line":88,"column":6},"end":{"line":88,"column":38}},{"start":{},"end":{}}]},"12":{"loc":{"start":{"line":89,"column":6},"end":{"line":95,"column":7}},"type":"if","locations":[{"start":{"line":89,"column":6},"end":{"line":95,"column":7}},{"start":{},"end":{}}]},"13":{"loc":{"start":{"line":100,"column":6},"end":{"line":100,"column":38}},"type":"if","locations":[{"start":{"line":100,"column":6},"end":{"line":100,"column":38}},{"start":{},"end":{}}]},"14":{"loc":{"start":{"line":107,"column":11},"end":{"line":107,"column":52}},"type":"cond-expr","locations":[{"start":{"line":107,"column":19},"end":{"line":107,"column":46}},{"start":{"line":107,"column":49},"end":{"line":107,"column":52}}]},"15":{"loc":{"start":{"line":108,"column":11},"end":{"line":109,"column":null}},"type":"binary-expr","locations":[{"start":{"line":108,"column":11},"end":{"line":108,"column":16}},{"start":{"line":108,"column":20},"end":{"line":108,"column":39}},{"start":{"line":109,"column":12},"end":{"line":109,"column":68}}]},"16":{"loc":{"start":{"line":114,"column":11},"end":{"line":114,"column":54}},"type":"binary-expr","locations":[{"start":{"line":114,"column":11},"end":{"line":114,"column":17}},{"start":{"line":114,"column":21},"end":{"line":114,"column":54}}]},"17":{"loc":{"start":{"line":116,"column":13},"end":{"line":116,"column":51}},"type":"binary-expr","locations":[{"start":{"line":116,"column":13},"end":{"line":116,"column":26}},{"start":{"line":116,"column":30},"end":{"line":116,"column":51}}]},"18":{"loc":{"start":{"line":118,"column":13},"end":{"line":146,"column":null}},"type":"cond-expr","locations":[{"start":{"line":119,"column":14},"end":{"line":134,"column":null}},{"start":{"line":137,"column":14},"end":{"line":145,"column":null}}]},"19":{"loc":{"start":{"line":149,"column":13},"end":{"line":149,"column":51}},"type":"binary-expr","locations":[{"start":{"line":149,"column":13},"end":{"line":149,"column":26}},{"start":{"line":149,"column":30},"end":{"line":149,"column":51}}]},"20":{"loc":{"start":{"line":151,"column":13},"end":{"line":164,"column":null}},"type":"binary-expr","locations":[{"start":{"line":151,"column":13},"end":{"line":151,"column":24}},{"start":{"line":151,"column":28},"end":{"line":151,"column":37}},{"start":{"line":152,"column":14},"end":{"line":163,"column":null}}]},"21":{"loc":{"start":{"line":155,"column":20},"end":{"line":158,"column":33}},"type":"cond-expr","locations":[{"start":{"line":156,"column":24},"end":{"line":157,"column":42}},{"start":{"line":158,"column":24},"end":{"line":158,"column":33}}]},"22":{"loc":{"start":{"line":167,"column":13},"end":{"line":167,"column":43}},"type":"binary-expr","locations":[{"start":{"line":167,"column":13},"end":{"line":167,"column":22}},{"start":{"line":167,"column":26},"end":{"line":167,"column":43}}]},"23":{"loc":{"start":{"line":172,"column":11},"end":{"line":173,"column":null}},"type":"binary-expr","locations":[{"start":{"line":172,"column":11},"end":{"line":172,"column":16}},{"start":{"line":172,"column":20},"end":{"line":172,"column":33}},{"start":{"line":173,"column":12},"end":{"line":173,"column":56}}]},"24":{"loc":{"start":{"line":195,"column":35},"end":{"line":195,"column":66}},"type":"cond-expr","locations":[{"start":{"line":195,"column":46},"end":{"line":195,"column":54}},{"start":{"line":195,"column":57},"end":{"line":195,"column":66}}]},"25":{"loc":{"start":{"line":243,"column":42},"end":{"line":243,"column":73}},"type":"cond-expr","locations":[{"start":{"line":243,"column":54},"end":{"line":243,"column":63}},{"start":{"line":243,"column":66},"end":{"line":243,"column":73}}]}},"s":{"0":1,"1":1,"2":1,"3":1,"4":1,"5":0,"6":0,"7":0,"8":0,"9":0,"10":0,"11":0,"12":0,"13":0,"14":0,"15":0,"16":1,"17":32,"18":32,"19":0,"20":0,"21":0,"22":32,"23":0,"24":0,"25":0,"26":0,"27":0,"28":32,"29":0,"30":0,"31":0,"32":32,"33":30,"34":0,"35":1,"36":1,"37":1,"38":32,"39":1,"40":1,"41":1,"42":1,"43":1,"44":1,"45":1,"46":32,"47":1,"48":1,"49":1,"50":1},"f":{"0":0,"1":0,"2":32,"3":0,"4":0,"5":0,"6":30,"7":0,"8":32,"9":32},"b":{"0":[0,0],"1":[0,0],"2":[0,0],"3":[0,0,0],"4":[6],"5":[32],"6":[32],"7":[32],"8":[32],"9":[6,26],"10":[32,6],"11":[0,0],"12":[0,0],"13":[0,0],"14":[32,0],"15":[32,32,0],"16":[32,0],"17":[32,0],"18":[6,26],"19":[32,0],"20":[32,0,0],"21":[0,0],"22":[32,0],"23":[32,0,0],"24":[0,32],"25":[0,32]}}
,"/Users/youminki/Documents/GitHub/Melpik_User_Web/src/components/StatsSection.tsx": {"path":"/Users/youminki/Documents/GitHub/Melpik_User_Web/src/components/StatsSection.tsx","statementMap":{"0":{"start":{"line":2,"column":0},"end":{"line":2,"column":26}},"1":{"start":{"line":3,"column":0},"end":{"line":3,"column":39}},"2":{"start":{"line":13,"column":50},"end":{"line":34,"column":null}},"3":{"start":{"line":20,"column":2},"end":{"line":33,"column":null}},"4":{"start":{"line":37,"column":0},"end":{"line":37,"column":28}},"5":{"start":{"line":39,"column":23},"end":{"line":44,"column":2}},"6":{"start":{"line":46,"column":16},"end":{"line":63,"column":2}},"7":{"start":{"line":54,"column":4},"end":{"line":54,"column":48}},"8":{"start":{"line":57,"column":4},"end":{"line":57,"column":54}},"9":{"start":{"line":65,"column":12},"end":{"line":70,"column":2}},"10":{"start":{"line":72,"column":19},"end":{"line":78,"column":2}},"11":{"start":{"line":80,"column":18},"end":{"line":87,"column":2}},"12":{"start":{"line":89,"column":18},"end":{"line":101,"column":2}}},"fnMap":{"0":{"name":"(anonymous_0)","decl":{"start":{"line":13,"column":50},"end":{"line":13,"column":51}},"loc":{"start":{"line":20,"column":2},"end":{"line":33,"column":null}}},"1":{"name":"(anonymous_1)","decl":{"start":{"line":53,"column":16},"end":{"line":53,"column":17}},"loc":{"start":{"line":54,"column":4},"end":{"line":54,"column":48}}},"2":{"name":"(anonymous_2)","decl":{"start":{"line":56,"column":19},"end":{"line":56,"column":20}},"loc":{"start":{"line":57,"column":4},"end":{"line":57,"column":54}}}},"branchMap":{"0":{"loc":{"start":{"line":54,"column":4},"end":{"line":54,"column":48}},"type":"cond-expr","locations":[{"start":{"line":54,"column":13},"end":{"line":54,"column":19}},{"start":{"line":54,"column":22},"end":{"line":54,"column":48}}]},"1":{"loc":{"start":{"line":54,"column":22},"end":{"line":54,"column":48}},"type":"cond-expr","locations":[{"start":{"line":54,"column":30},"end":{"line":54,"column":39}},{"start":{"line":54,"column":42},"end":{"line":54,"column":48}}]},"2":{"loc":{"start":{"line":57,"column":4},"end":{"line":57,"column":54}},"type":"cond-expr","locations":[{"start":{"line":57,"column":13},"end":{"line":57,"column":25}},{"start":{"line":57,"column":28},"end":{"line":57,"column":54}}]},"3":{"loc":{"start":{"line":57,"column":28},"end":{"line":57,"column":54}},"type":"cond-expr","locations":[{"start":{"line":57,"column":36},"end":{"line":57,"column":48}},{"start":{"line":57,"column":51},"end":{"line":57,"column":54}}]}},"s":{"0":1,"1":1,"2":1,"3":17,"4":1,"5":1,"6":1,"7":34,"8":34,"9":1,"10":1,"11":1,"12":1},"f":{"0":17,"1":34,"2":34},"b":{"0":[17,17],"1":[17,0],"2":[17,17],"3":[17,0]}}
,"/Users/youminki/Documents/GitHub/Melpik_User_Web/src/pages/Melpik/Setting/SettingMelpik.tsx": {"path":"/Users/youminki/Documents/GitHub/Melpik_User_Web/src/pages/Melpik/Setting/SettingMelpik.tsx","statementMap":{"0":{"start":{"line":1,"column":0},"end":{"line":1,"column":60}},"1":{"start":{"line":2,"column":0},"end":{"line":2,"column":63}},"2":{"start":{"line":3,"column":0},"end":{"line":3,"column":42}},"3":{"start":{"line":4,"column":0},"end":{"line":4,"column":60}},"4":{"start":{"line":5,"column":0},"end":{"line":5,"column":56}},"5":{"start":{"line":6,"column":0},"end":{"line":6,"column":58}},"6":{"start":{"line":7,"column":0},"end":{"line":7,"column":null}},"7":{"start":{"line":15,"column":24},"end":{"line":22,"column":2}},"8":{"start":{"line":23,"column":16},"end":{"line":32,"column":2}},"9":{"start":{"line":33,"column":18},"end":{"line":40,"column":2}},"10":{"start":{"line":41,"column":17},"end":{"line":52,"column":2}},"11":{"start":{"line":53,"column":18},"end":{"line":60,"column":2}},"12":{"start":{"line":61,"column":22},"end":{"line":64,"column":2}},"13":{"start":{"line":65,"column":16},"end":{"line":73,"column":2}},"14":{"start":{"line":74,"column":25},"end":{"line":93,"column":2}},"15":{"start":{"line":102,"column":32},"end":{"line":718,"column":1}},"16":{"start":{"line":103,"column":17},"end":{"line":103,"column":29}},"17":{"start":{"line":104,"column":16},"end":{"line":104,"column":20}},"18":{"start":{"line":105,"column":20},"end":{"line":105,"column":30}},"19":{"start":{"line":107,"column":21},"end":{"line":107,"column":29}},"20":{"start":{"line":108,"column":21},"end":{"line":108,"column":29}},"21":{"start":{"line":110,"column":27},"end":{"line":110,"column":48}},"22":{"start":{"line":111,"column":42},"end":{"line":111,"column":56}},"23":{"start":{"line":113,"column":40},"end":{"line":117,"column":4}},"24":{"start":{"line":119,"column":34},"end":{"line":122,"column":4}},"25":{"start":{"line":124,"column":52},"end":{"line":124,"column":67}},"26":{"start":{"line":125,"column":46},"end":{"line":125,"column":61}},"27":{"start":{"line":127,"column":42},"end":{"line":127,"column":62}},"28":{"start":{"line":129,"column":32},"end":{"line":135,"column":3}},"29":{"start":{"line":130,"column":4},"end":{"line":134,"column":5}},"30":{"start":{"line":131,"column":19},"end":{"line":131,"column":36}},"31":{"start":{"line":132,"column":23},"end":{"line":132,"column":48}},"32":{"start":{"line":133,"column":6},"end":{"line":133,"column":32}},"33":{"start":{"line":137,"column":28},"end":{"line":142,"column":3}},"34":{"start":{"line":138,"column":4},"end":{"line":140,"column":5}},"35":{"start":{"line":139,"column":6},"end":{"line":139,"column":42}},"36":{"start":{"line":141,"column":4},"end":{"line":141,"column":18}},"37":{"start":{"line":144,"column":28},"end":{"line":144,"column":52}},"38":{"start":{"line":145,"column":32},"end":{"line":145,"column":47}},"39":{"start":{"line":148,"column":2},"end":{"line":204,"column":9}},"40":{"start":{"line":149,"column":4},"end":{"line":149,"column":21}},"41":{"start":{"line":150,"column":4},"end":{"line":203,"column":40}},"42":{"start":{"line":152,"column":8},"end":{"line":164,"column":10}},"43":{"start":{"line":157,"column":18},"end":{"line":162,"column":14}},"44":{"start":{"line":165,"column":8},"end":{"line":169,"column":11}},"45":{"start":{"line":173,"column":8},"end":{"line":201,"column":9}},"46":{"start":{"line":174,"column":10},"end":{"line":200,"column":11}},"47":{"start":{"line":175,"column":12},"end":{"line":177,"column":14}},"48":{"start":{"line":175,"column":18},"end":{"line":175,"column":69}},"49":{"start":{"line":176,"column":14},"end":{"line":176,"column":34}},"50":{"start":{"line":179,"column":25},"end":{"line":179,"column":53}},"51":{"start":{"line":180,"column":12},"end":{"line":192,"column":14}},"52":{"start":{"line":185,"column":22},"end":{"line":190,"column":18}},"53":{"start":{"line":193,"column":12},"end":{"line":197,"column":15}},"54":{"start":{"line":203,"column":21},"end":{"line":203,"column":38}},"55":{"start":{"line":207,"column":23},"end":{"line":210,"column":3}},"56":{"start":{"line":208,"column":4},"end":{"line":208,"column":37}},"57":{"start":{"line":209,"column":4},"end":{"line":209,"column":66}},"58":{"start":{"line":209,"column":23},"end":{"line":209,"column":64}},"59":{"start":{"line":209,"column":45},"end":{"line":209,"column":63}},"60":{"start":{"line":212,"column":25},"end":{"line":219,"column":3}},"61":{"start":{"line":213,"column":23},"end":{"line":213,"column":54}},"62":{"start":{"line":215,"column":4},"end":{"line":218,"column":23}},"63":{"start":{"line":222,"column":23},"end":{"line":233,"column":4}},"64":{"start":{"line":225,"column":32},"end":{"line":225,"column":56}},"65":{"start":{"line":234,"column":23},"end":{"line":244,"column":4}},"66":{"start":{"line":241,"column":26},"end":{"line":241,"column":46}},"67":{"start":{"line":245,"column":21},"end":{"line":255,"column":4}},"68":{"start":{"line":248,"column":26},"end":{"line":248,"column":47}},"69":{"start":{"line":251,"column":27},"end":{"line":251,"column":48}},"70":{"start":{"line":258,"column":27},"end":{"line":279,"column":4}},"71":{"start":{"line":265,"column":38},"end":{"line":265,"column":68}},"72":{"start":{"line":266,"column":42},"end":{"line":266,"column":70}},"73":{"start":{"line":275,"column":6},"end":{"line":278,"column":null}},"74":{"start":{"line":280,"column":22},"end":{"line":292,"column":4}},"75":{"start":{"line":293,"column":23},"end":{"line":299,"column":4}},"76":{"start":{"line":301,"column":23},"end":{"line":320,"column":4}},"77":{"start":{"line":305,"column":6},"end":{"line":305,"column":51}},"78":{"start":{"line":321,"column":22},"end":{"line":333,"column":4}},"79":{"start":{"line":328,"column":37},"end":{"line":328,"column":73}},"80":{"start":{"line":335,"column":30},"end":{"line":348,"column":4}},"81":{"start":{"line":349,"column":31},"end":{"line":354,"column":4}},"82":{"start":{"line":355,"column":32},"end":{"line":361,"column":4}},"83":{"start":{"line":362,"column":30},"end":{"line":373,"column":4}},"84":{"start":{"line":374,"column":26},"end":{"line":386,"column":4}},"85":{"start":{"line":387,"column":18},"end":{"line":410,"column":4}},"86":{"start":{"line":411,"column":26},"end":{"line":413,"column":4}},"87":{"start":{"line":414,"column":21},"end":{"line":419,"column":4}},"88":{"start":{"line":421,"column":48},"end":{"line":421,"column":69}},"89":{"start":{"line":422,"column":42},"end":{"line":422,"column":60}},"90":{"start":{"line":425,"column":27},"end":{"line":428,"column":3}},"91":{"start":{"line":426,"column":4},"end":{"line":426,"column":36}},"92":{"start":{"line":427,"column":4},"end":{"line":427,"column":30}},"93":{"start":{"line":429,"column":24},"end":{"line":432,"column":3}},"94":{"start":{"line":430,"column":4},"end":{"line":430,"column":30}},"95":{"start":{"line":431,"column":4},"end":{"line":431,"column":27}},"96":{"start":{"line":435,"column":32},"end":{"line":487,"column":null}},"97":{"start":{"line":437,"column":6},"end":{"line":484,"column":null}},"98":{"start":{"line":447,"column":12},"end":{"line":450,"column":14}},"99":{"start":{"line":465,"column":14},"end":{"line":465,"column":69}},"100":{"start":{"line":478,"column":14},"end":{"line":481,"column":16}},"101":{"start":{"line":490,"column":29},"end":{"line":515,"column":null}},"102":{"start":{"line":492,"column":6},"end":{"line":512,"column":null}},"103":{"start":{"line":501,"column":15},"end":{"line":501,"column":77}},"104":{"start":{"line":511,"column":15},"end":{"line":511,"column":76}},"105":{"start":{"line":519,"column":36},"end":{"line":527,"column":3}},"106":{"start":{"line":520,"column":4},"end":{"line":524,"column":6}},"107":{"start":{"line":525,"column":4},"end":{"line":525,"column":36}},"108":{"start":{"line":526,"column":4},"end":{"line":526,"column":31}},"109":{"start":{"line":528,"column":33},"end":{"line":544,"column":3}},"110":{"start":{"line":529,"column":16},"end":{"line":531,"column":null}},"111":{"start":{"line":533,"column":4},"end":{"line":541,"column":7}},"112":{"start":{"line":533,"column":23},"end":{"line":541,"column":6}},"113":{"start":{"line":542,"column":4},"end":{"line":542,"column":30}},"114":{"start":{"line":543,"column":4},"end":{"line":543,"column":28}},"115":{"start":{"line":546,"column":2},"end":{"line":717,"column":4}},"116":{"start":{"line":632,"column":29},"end":{"line":632,"column":55}},"117":{"start":{"line":632,"column":52},"end":{"line":632,"column":54}},"118":{"start":{"line":683,"column":14},"end":{"line":683,"column":null}},"119":{"start":{"line":690,"column":49},"end":{"line":690,"column":70}},"120":{"start":{"line":700,"column":25},"end":{"line":700,"column":51}},"121":{"start":{"line":709,"column":25},"end":{"line":709,"column":48}},"122":{"start":{"line":720,"column":0},"end":{"line":720,"column":29}},"123":{"start":{"line":722,"column":18},"end":{"line":729,"column":2}},"124":{"start":{"line":731,"column":15},"end":{"line":734,"column":2}},"125":{"start":{"line":736,"column":14},"end":{"line":740,"column":2}},"126":{"start":{"line":742,"column":17},"end":{"line":745,"column":2}},"127":{"start":{"line":747,"column":16},"end":{"line":752,"column":2}},"128":{"start":{"line":754,"column":21},"end":{"line":758,"column":2}},"129":{"start":{"line":760,"column":17},"end":{"line":766,"column":2}},"130":{"start":{"line":769,"column":16},"end":{"line":772,"column":2}}},"fnMap":{"0":{"name":"(anonymous_0)","decl":{"start":{"line":102,"column":32},"end":{"line":102,"column":35}},"loc":{"start":{"line":102,"column":37},"end":{"line":718,"column":1}}},"1":{"name":"(anonymous_1)","decl":{"start":{"line":129,"column":32},"end":{"line":129,"column":33}},"loc":{"start":{"line":129,"column":75},"end":{"line":135,"column":3}}},"2":{"name":"(anonymous_2)","decl":{"start":{"line":137,"column":28},"end":{"line":137,"column":29}},"loc":{"start":{"line":137,"column":47},"end":{"line":142,"column":3}}},"3":{"name":"(anonymous_3)","decl":{"start":{"line":148,"column":12},"end":{"line":148,"column":15}},"loc":{"start":{"line":148,"column":17},"end":{"line":204,"column":3}}},"4":{"name":"(anonymous_4)","decl":{"start":{"line":151,"column":12},"end":{"line":151,"column":13}},"loc":{"start":{"line":151,"column":21},"end":{"line":171,"column":7}}},"5":{"name":"(anonymous_5)","decl":{"start":{"line":154,"column":12},"end":{"line":154,"column":null}},"loc":{"start":{"line":157,"column":18},"end":{"line":162,"column":14}}},"6":{"name":"(anonymous_6)","decl":{"start":{"line":172,"column":13},"end":{"line":172,"column":18}},"loc":{"start":{"line":172,"column":27},"end":{"line":202,"column":7}}},"7":{"name":"(anonymous_7)","decl":{"start":{"line":175,"column":18},"end":{"line":175,"column":25}},"loc":{"start":{"line":175,"column":18},"end":{"line":175,"column":69}}},"8":{"name":"(anonymous_8)","decl":{"start":{"line":175,"column":74},"end":{"line":175,"column":75}},"loc":{"start":{"line":176,"column":14},"end":{"line":176,"column":34}}},"9":{"name":"(anonymous_9)","decl":{"start":{"line":182,"column":16},"end":{"line":182,"column":null}},"loc":{"start":{"line":185,"column":22},"end":{"line":190,"column":18}}},"10":{"name":"(anonymous_10)","decl":{"start":{"line":203,"column":15},"end":{"line":203,"column":18}},"loc":{"start":{"line":203,"column":21},"end":{"line":203,"column":38}}},"11":{"name":"(anonymous_11)","decl":{"start":{"line":207,"column":23},"end":{"line":207,"column":28}},"loc":{"start":{"line":207,"column":48},"end":{"line":210,"column":3}}},"12":{"name":"(anonymous_12)","decl":{"start":{"line":209,"column":13},"end":{"line":209,"column":14}},"loc":{"start":{"line":209,"column":23},"end":{"line":209,"column":64}}},"13":{"name":"(anonymous_13)","decl":{"start":{"line":209,"column":35},"end":{"line":209,"column":36}},"loc":{"start":{"line":209,"column":45},"end":{"line":209,"column":63}}},"14":{"name":"(anonymous_14)","decl":{"start":{"line":212,"column":25},"end":{"line":212,"column":28}},"loc":{"start":{"line":212,"column":30},"end":{"line":219,"column":3}}},"15":{"name":"(anonymous_15)","decl":{"start":{"line":217,"column":12},"end":{"line":217,"column":15}},"loc":{"start":{"line":217,"column":17},"end":{"line":217,"column":20}}},"16":{"name":"(anonymous_16)","decl":{"start":{"line":218,"column":13},"end":{"line":218,"column":16}},"loc":{"start":{"line":218,"column":18},"end":{"line":218,"column":21}}},"17":{"name":"(anonymous_17)","decl":{"start":{"line":225,"column":18},"end":{"line":225,"column":19}},"loc":{"start":{"line":225,"column":32},"end":{"line":225,"column":56}}},"18":{"name":"(anonymous_18)","decl":{"start":{"line":241,"column":12},"end":{"line":241,"column":13}},"loc":{"start":{"line":241,"column":26},"end":{"line":241,"column":46}}},"19":{"name":"(anonymous_19)","decl":{"start":{"line":248,"column":12},"end":{"line":248,"column":13}},"loc":{"start":{"line":248,"column":26},"end":{"line":248,"column":47}}},"20":{"name":"(anonymous_20)","decl":{"start":{"line":251,"column":13},"end":{"line":251,"column":14}},"loc":{"start":{"line":251,"column":27},"end":{"line":251,"column":48}}},"21":{"name":"(anonymous_21)","decl":{"start":{"line":265,"column":18},"end":{"line":265,"column":19}},"loc":{"start":{"line":265,"column":38},"end":{"line":265,"column":68}}},"22":{"name":"(anonymous_22)","decl":{"start":{"line":266,"column":24},"end":{"line":266,"column":25}},"loc":{"start":{"line":266,"column":42},"end":{"line":266,"column":70}}},"23":{"name":"(anonymous_23)","decl":{"start":{"line":274,"column":6},"end":{"line":274,"column":7}},"loc":{"start":{"line":275,"column":6},"end":{"line":278,"column":null}}},"24":{"name":"(anonymous_24)","decl":{"start":{"line":304,"column":18},"end":{"line":304,"column":19}},"loc":{"start":{"line":305,"column":6},"end":{"line":305,"column":51}}},"25":{"name":"(anonymous_25)","decl":{"start":{"line":328,"column":18},"end":{"line":328,"column":19}},"loc":{"start":{"line":328,"column":37},"end":{"line":328,"column":73}}},"26":{"name":"(anonymous_26)","decl":{"start":{"line":425,"column":27},"end":{"line":425,"column":30}},"loc":{"start":{"line":425,"column":32},"end":{"line":428,"column":3}}},"27":{"name":"(anonymous_27)","decl":{"start":{"line":429,"column":24},"end":{"line":429,"column":27}},"loc":{"start":{"line":429,"column":29},"end":{"line":432,"column":3}}},"28":{"name":"(anonymous_28)","decl":{"start":{"line":436,"column":4},"end":{"line":436,"column":7}},"loc":{"start":{"line":437,"column":6},"end":{"line":484,"column":null}}},"29":{"name":"(anonymous_29)","decl":{"start":{"line":444,"column":20},"end":{"line":444,"column":null}},"loc":{"start":{"line":447,"column":12},"end":{"line":450,"column":14}}},"30":{"name":"(anonymous_30)","decl":{"start":{"line":464,"column":28},"end":{"line":464,"column":29}},"loc":{"start":{"line":465,"column":14},"end":{"line":465,"column":69}}},"31":{"name":"(anonymous_31)","decl":{"start":{"line":475,"column":22},"end":{"line":475,"column":null}},"loc":{"start":{"line":478,"column":14},"end":{"line":481,"column":16}}},"32":{"name":"(anonymous_32)","decl":{"start":{"line":491,"column":4},"end":{"line":491,"column":7}},"loc":{"start":{"line":492,"column":6},"end":{"line":512,"column":null}}},"33":{"name":"(anonymous_33)","decl":{"start":{"line":499,"column":20},"end":{"line":499,"column":null}},"loc":{"start":{"line":501,"column":15},"end":{"line":501,"column":77}}},"34":{"name":"(anonymous_34)","decl":{"start":{"line":509,"column":20},"end":{"line":509,"column":null}},"loc":{"start":{"line":511,"column":15},"end":{"line":511,"column":76}}},"35":{"name":"(anonymous_35)","decl":{"start":{"line":519,"column":36},"end":{"line":519,"column":41}},"loc":{"start":{"line":519,"column":47},"end":{"line":527,"column":3}}},"36":{"name":"(anonymous_36)","decl":{"start":{"line":528,"column":33},"end":{"line":528,"column":38}},"loc":{"start":{"line":528,"column":44},"end":{"line":544,"column":3}}},"37":{"name":"(anonymous_37)","decl":{"start":{"line":533,"column":13},"end":{"line":533,"column":14}},"loc":{"start":{"line":533,"column":23},"end":{"line":541,"column":6}}},"38":{"name":"(anonymous_38)","decl":{"start":{"line":632,"column":23},"end":{"line":632,"column":26}},"loc":{"start":{"line":632,"column":29},"end":{"line":632,"column":55}}},"39":{"name":"(anonymous_39)","decl":{"start":{"line":632,"column":45},"end":{"line":632,"column":46}},"loc":{"start":{"line":632,"column":52},"end":{"line":632,"column":54}}},"40":{"name":"(anonymous_40)","decl":{"start":{"line":682,"column":22},"end":{"line":682,"column":23}},"loc":{"start":{"line":683,"column":14},"end":{"line":683,"column":null}}},"41":{"name":"(anonymous_41)","decl":{"start":{"line":690,"column":43},"end":{"line":690,"column":46}},"loc":{"start":{"line":690,"column":49},"end":{"line":690,"column":70}}},"42":{"name":"(anonymous_42)","decl":{"start":{"line":700,"column":19},"end":{"line":700,"column":22}},"loc":{"start":{"line":700,"column":25},"end":{"line":700,"column":51}}},"43":{"name":"(anonymous_43)","decl":{"start":{"line":709,"column":19},"end":{"line":709,"column":22}},"loc":{"start":{"line":709,"column":25},"end":{"line":709,"column":48}}}},"branchMap":{"0":{"loc":{"start":{"line":130,"column":4},"end":{"line":134,"column":5}},"type":"if","locations":[{"start":{"line":130,"column":4},"end":{"line":134,"column":5}},{"start":{},"end":{}}]},"1":{"loc":{"start":{"line":130,"column":8},"end":{"line":130,"column":43}},"type":"binary-expr","locations":[{"start":{"line":130,"column":8},"end":{"line":130,"column":22}},{"start":{"line":130,"column":26},"end":{"line":130,"column":43}}]},"2":{"loc":{"start":{"line":138,"column":4},"end":{"line":140,"column":5}},"type":"if","locations":[{"start":{"line":138,"column":4},"end":{"line":140,"column":5}},{"start":{},"end":{}}]},"3":{"loc":{"start":{"line":153,"column":11},"end":{"line":153,"column":27}},"type":"binary-expr","locations":[{"start":{"line":153,"column":11},"end":{"line":153,"column":21}},{"start":{"line":153,"column":25},"end":{"line":153,"column":27}}]},"4":{"loc":{"start":{"line":166,"column":16},"end":{"line":166,"column":39}},"type":"binary-expr","locations":[{"start":{"line":166,"column":16},"end":{"line":166,"column":29}},{"start":{"line":166,"column":33},"end":{"line":166,"column":39}}]},"5":{"loc":{"start":{"line":167,"column":25},"end":{"line":167,"column":49}},"type":"binary-expr","locations":[{"start":{"line":167,"column":25},"end":{"line":167,"column":43}},{"start":{"line":167,"column":47},"end":{"line":167,"column":49}}]},"6":{"loc":{"start":{"line":168,"column":24},"end":{"line":168,"column":48}},"type":"binary-expr","locations":[{"start":{"line":168,"column":24},"end":{"line":168,"column":42}},{"start":{"line":168,"column":46},"end":{"line":168,"column":48}}]},"7":{"loc":{"start":{"line":173,"column":8},"end":{"line":201,"column":9}},"type":"if","locations":[{"start":{"line":173,"column":8},"end":{"line":201,"column":9}},{"start":{},"end":{}}]},"8":{"loc":{"start":{"line":181,"column":15},"end":{"line":181,"column":31}},"type":"binary-expr","locations":[{"start":{"line":181,"column":15},"end":{"line":181,"column":25}},{"start":{"line":181,"column":29},"end":{"line":181,"column":31}}]},"9":{"loc":{"start":{"line":194,"column":20},"end":{"line":194,"column":43}},"type":"binary-expr","locations":[{"start":{"line":194,"column":20},"end":{"line":194,"column":33}},{"start":{"line":194,"column":37},"end":{"line":194,"column":43}}]},"10":{"loc":{"start":{"line":195,"column":29},"end":{"line":195,"column":53}},"type":"binary-expr","locations":[{"start":{"line":195,"column":29},"end":{"line":195,"column":47}},{"start":{"line":195,"column":51},"end":{"line":195,"column":53}}]},"11":{"loc":{"start":{"line":196,"column":28},"end":{"line":196,"column":52}},"type":"binary-expr","locations":[{"start":{"line":196,"column":28},"end":{"line":196,"column":46}},{"start":{"line":196,"column":50},"end":{"line":196,"column":52}}]},"12":{"loc":{"start":{"line":225,"column":32},"end":{"line":225,"column":56}},"type":"cond-expr","locations":[{"start":{"line":225,"column":38},"end":{"line":225,"column":44}},{"start":{"line":225,"column":47},"end":{"line":225,"column":56}}]},"13":{"loc":{"start":{"line":241,"column":26},"end":{"line":241,"column":46}},"type":"cond-expr","locations":[{"start":{"line":241,"column":32},"end":{"line":241,"column":38}},{"start":{"line":241,"column":41},"end":{"line":241,"column":46}}]},"14":{"loc":{"start":{"line":248,"column":26},"end":{"line":248,"column":47}},"type":"cond-expr","locations":[{"start":{"line":248,"column":32},"end":{"line":248,"column":38}},{"start":{"line":248,"column":41},"end":{"line":248,"column":47}}]},"15":{"loc":{"start":{"line":251,"column":27},"end":{"line":251,"column":48}},"type":"cond-expr","locations":[{"start":{"line":251,"column":33},"end":{"line":251,"column":39}},{"start":{"line":251,"column":42},"end":{"line":251,"column":48}}]},"16":{"loc":{"start":{"line":265,"column":38},"end":{"line":265,"column":68}},"type":"cond-expr","locations":[{"start":{"line":265,"column":50},"end":{"line":265,"column":59}},{"start":{"line":265,"column":62},"end":{"line":265,"column":68}}]},"17":{"loc":{"start":{"line":266,"column":42},"end":{"line":266,"column":70}},"type":"cond-expr","locations":[{"start":{"line":266,"column":52},"end":{"line":266,"column":61}},{"start":{"line":266,"column":64},"end":{"line":266,"column":70}}]},"18":{"loc":{"start":{"line":275,"column":6},"end":{"line":278,"column":null}},"type":"binary-expr","locations":[{"start":{"line":275,"column":6},"end":{"line":275,"column":19}},{"start":{"line":276,"column":6},"end":{"line":278,"column":null}}]},"19":{"loc":{"start":{"line":305,"column":6},"end":{"line":305,"column":51}},"type":"cond-expr","locations":[{"start":{"line":305,"column":16},"end":{"line":305,"column":25}},{"start":{"line":305,"column":28},"end":{"line":305,"column":51}}]},"20":{"loc":{"start":{"line":305,"column":28},"end":{"line":305,"column":51}},"type":"cond-expr","locations":[{"start":{"line":305,"column":36},"end":{"line":305,"column":42}},{"start":{"line":305,"column":45},"end":{"line":305,"column":51}}]},"21":{"loc":{"start":{"line":328,"column":37},"end":{"line":328,"column":73}},"type":"cond-expr","locations":[{"start":{"line":328,"column":48},"end":{"line":328,"column":57}},{"start":{"line":328,"column":60},"end":{"line":328,"column":73}}]},"22":{"loc":{"start":{"line":568,"column":13},"end":{"line":577,"column":null}},"type":"cond-expr","locations":[{"start":{"line":569,"column":14},"end":{"line":571,"column":null}},{"start":{"line":574,"column":14},"end":{"line":576,"column":null}}]},"23":{"loc":{"start":{"line":626,"column":15},"end":{"line":626,"column":46}},"type":"cond-expr","locations":[{"start":{"line":626,"column":30},"end":{"line":626,"column":35}},{"start":{"line":626,"column":38},"end":{"line":626,"column":46}}]},"24":{"loc":{"start":{"line":636,"column":17},"end":{"line":636,"column":43}},"type":"cond-expr","locations":[{"start":{"line":636,"column":32},"end":{"line":636,"column":36}},{"start":{"line":636,"column":39},"end":{"line":636,"column":43}}]},"25":{"loc":{"start":{"line":648,"column":14},"end":{"line":650,"column":20}},"type":"cond-expr","locations":[{"start":{"line":649,"column":18},"end":{"line":649,"column":89}},{"start":{"line":650,"column":18},"end":{"line":650,"column":20}}]},"26":{"loc":{"start":{"line":666,"column":14},"end":{"line":668,"column":20}},"type":"cond-expr","locations":[{"start":{"line":667,"column":18},"end":{"line":667,"column":62}},{"start":{"line":668,"column":18},"end":{"line":668,"column":20}}]},"27":{"loc":{"start":{"line":677,"column":11},"end":{"line":694,"column":null}},"type":"cond-expr","locations":[{"start":{"line":678,"column":12},"end":{"line":678,"column":33}},{"start":{"line":679,"column":14},"end":{"line":694,"column":null}}]},"28":{"loc":{"start":{"line":679,"column":14},"end":{"line":694,"column":null}},"type":"cond-expr","locations":[{"start":{"line":680,"column":12},"end":{"line":680,"column":36}},{"start":{"line":682,"column":12},"end":{"line":694,"column":14}}]}},"s":{"0":1,"1":1,"2":1,"3":1,"4":1,"5":1,"6":1,"7":1,"8":1,"9":1,"10":1,"11":1,"12":1,"13":1,"14":1,"15":1,"16":17,"17":17,"18":17,"19":17,"20":17,"21":17,"22":17,"23":17,"24":17,"25":17,"26":17,"27":17,"28":17,"29":0,"30":0,"31":0,"32":0,"33":17,"34":6,"35":6,"36":0,"37":17,"38":17,"39":17,"40":5,"41":5,"42":4,"43":1,"44":4,"45":1,"46":1,"47":1,"48":1,"49":1,"50":1,"51":1,"52":0,"53":1,"54":5,"55":17,"56":0,"57":0,"58":0,"59":0,"60":17,"61":0,"62":0,"63":17,"64":17,"65":17,"66":17,"67":17,"68":17,"69":17,"70":17,"71":68,"72":68,"73":68,"74":17,"75":17,"76":17,"77":51,"78":17,"79":51,"80":17,"81":17,"82":17,"83":17,"84":17,"85":17,"86":17,"87":17,"88":17,"89":17,"90":17,"91":0,"92":0,"93":17,"94":0,"95":0,"96":17,"97":6,"98":1,"99":0,"100":0,"101":17,"102":7,"103":1,"104":1,"105":17,"106":0,"107":0,"108":0,"109":17,"110":0,"111":0,"112":0,"113":0,"114":0,"115":17,"116":0,"117":0,"118":1,"119":0,"120":0,"121":0,"122":1,"123":1,"124":1,"125":1,"126":1,"127":1,"128":1,"129":1,"130":1},"f":{"0":17,"1":0,"2":6,"3":5,"4":4,"5":1,"6":1,"7":1,"8":1,"9":0,"10":5,"11":0,"12":0,"13":0,"14":0,"15":0,"16":0,"17":17,"18":17,"19":17,"20":17,"21":68,"22":68,"23":68,"24":51,"25":51,"26":0,"27":0,"28":6,"29":1,"30":0,"31":0,"32":7,"33":1,"34":1,"35":0,"36":0,"37":0,"38":0,"39":0,"40":1,"41":0,"42":0,"43":0},"b":{"0":[0,0],"1":[0,0],"2":[6,0],"3":[4,0],"4":[4,1],"5":[4,1],"6":[4,4],"7":[1,0],"8":[1,0],"9":[1,1],"10":[1,1],"11":[1,1],"12":[17,0],"13":[17,0],"14":[17,0],"15":[17,0],"16":[51,17],"17":[17,51],"18":[68,17],"19":[17,34],"20":[17,17],"21":[51,0],"22":[0,17],"23":[17,0],"24":[17,0],"25":[6,11],"26":[0,17],"27":[5,12],"28":[11,1]}}
,"/Users/youminki/Documents/GitHub/Melpik_User_Web/src/styles/Theme.ts": {"path":"/Users/youminki/Documents/GitHub/Melpik_User_Web/src/styles/Theme.ts","statementMap":{"0":{"start":{"line":1,"column":0},"end":{"line":1,"column":40}},"1":{"start":{"line":3,"column":14},"end":{"line":112,"column":2}},"2":{"start":{"line":114,"column":0},"end":{"line":114,"column":21}}},"fnMap":{},"branchMap":{},"s":{"0":1,"1":1,"2":1},"f":{},"b":{}}
}
