TN:
SF:src/auth/AuthCommon.tsx
FN:93,(anonymous_0)
FN:104,(anonymous_1)
FN:116,(anonymous_2)
FN:131,(anonymous_3)
FN:147,(anonymous_4)
FN:158,(anonymous_5)
FNF:6
FNH:2
FNDA:26,(anonymous_0)
FNDA:26,(anonymous_1)
FNDA:0,(anonymous_2)
FNDA:0,(anonymous_3)
FNDA:0,(anonymous_4)
FNDA:0,(anonymous_5)
DA:1,1
DA:3,1
DA:10,1
DA:21,1
DA:34,1
DA:37,1
DA:41,1
DA:49,1
DA:55,1
DA:61,1
DA:67,1
DA:73,1
DA:77,1
DA:90,1
DA:93,26
DA:104,26
DA:113,1
DA:116,0
DA:131,0
DA:138,1
DA:144,1
DA:147,0
DA:158,0
DA:165,1
LF:24
LH:20
BRDA:93,0,0,0
BRDA:93,0,1,26
BRDA:104,1,0,0
BRDA:104,1,1,26
BRDA:116,2,0,0
BRDA:116,2,1,0
BRDA:131,3,0,0
BRDA:131,3,1,0
BRDA:147,4,0,0
BRDA:147,4,1,0
BRDA:158,5,0,0
BRDA:158,5,1,0
BRF:12
BRH:2
end_of_record
TN:
SF:src/components/Button02.tsx
FN:11,(anonymous_0)
FN:48,(anonymous_1)
FNF:2
FNH:0
FNDA:0,(anonymous_0)
FNDA:0,(anonymous_1)
DA:1,1
DA:2,1
DA:11,1
DA:12,0
DA:19,1
DA:21,1
DA:30,1
DA:49,0
LF:8
LH:6
BRDA:49,0,0,0
BRDA:49,0,1,0
BRDA:60,1,0,0
BRDA:60,1,1,0
BRDA:71,2,0,0
BRDA:71,2,1,0
BRF:6
BRH:0
end_of_record
TN:
SF:src/components/CustomSelect.tsx
FNF:0
FNH:0
DA:1,1
DA:3,1
LF:2
LH:2
BRF:0
BRH:0
end_of_record
TN:
SF:src/components/InputField.tsx
FN:32,parsePrefixContent
FN:35,(anonymous_1)
FN:54,(anonymous_2)
FN:81,(anonymous_3)
FN:87,(anonymous_4)
FN:99,(anonymous_5)
FN:126,(anonymous_6)
FN:156,(anonymous_7)
FN:195,(anonymous_8)
FN:243,(anonymous_9)
FNF:10
FNH:4
FNDA:0,parsePrefixContent
FNDA:0,(anonymous_1)
FNDA:32,(anonymous_2)
FNDA:0,(anonymous_3)
FNDA:0,(anonymous_4)
FNDA:0,(anonymous_5)
FNDA:30,(anonymous_6)
FNDA:0,(anonymous_7)
FNDA:32,(anonymous_8)
FNDA:32,(anonymous_9)
DA:3,1
DA:4,1
DA:5,1
DA:7,1
DA:8,1
DA:33,0
DA:34,0
DA:35,0
DA:36,0
DA:37,0
DA:38,0
DA:40,0
DA:41,0
DA:43,0
DA:47,0
DA:49,0
DA:53,1
DA:77,32
DA:81,32
DA:82,0
DA:83,0
DA:84,0
DA:87,32
DA:88,0
DA:89,0
DA:90,0
DA:96,0
DA:99,32
DA:100,0
DA:101,0
DA:104,32
DA:127,30
DA:157,0
DA:181,1
DA:185,1
DA:191,1
DA:195,32
DA:201,1
DA:207,1
DA:212,1
DA:219,1
DA:226,1
DA:233,1
DA:237,1
DA:243,32
DA:246,1
DA:254,1
DA:262,1
DA:268,1
LF:49
LH:28
BRDA:36,0,0,0
BRDA:36,0,1,0
BRDA:40,1,0,0
BRDA:40,1,1,0
BRDA:43,2,0,0
BRDA:43,2,1,0
BRDA:44,3,0,0
BRDA:44,3,1,0
BRDA:44,3,2,0
BRDA:58,4,0,6
BRDA:61,5,0,32
BRDA:67,6,0,32
BRDA:70,7,0,32
BRDA:71,8,0,32
BRDA:78,9,0,6
BRDA:78,9,1,26
BRDA:78,10,0,32
BRDA:78,10,1,6
BRDA:88,11,0,0
BRDA:88,11,1,0
BRDA:89,12,0,0
BRDA:89,12,1,0
BRDA:100,13,0,0
BRDA:100,13,1,0
BRDA:107,14,0,32
BRDA:107,14,1,0
BRDA:108,15,0,32
BRDA:108,15,1,32
BRDA:108,15,2,0
BRDA:114,16,0,32
BRDA:114,16,1,0
BRDA:116,17,0,32
BRDA:116,17,1,0
BRDA:118,18,0,6
BRDA:118,18,1,26
BRDA:149,19,0,32
BRDA:149,19,1,0
BRDA:151,20,0,32
BRDA:151,20,1,0
BRDA:151,20,2,0
BRDA:155,21,0,0
BRDA:155,21,1,0
BRDA:167,22,0,32
BRDA:167,22,1,0
BRDA:172,23,0,32
BRDA:172,23,1,0
BRDA:172,23,2,0
BRDA:195,24,0,0
BRDA:195,24,1,32
BRDA:243,25,0,0
BRDA:243,25,1,32
BRF:51
BRH:22
end_of_record
TN:
SF:src/components/StatsSection.tsx
FN:13,(anonymous_0)
FN:53,(anonymous_1)
FN:56,(anonymous_2)
FNF:3
FNH:3
FNDA:17,(anonymous_0)
FNDA:34,(anonymous_1)
FNDA:34,(anonymous_2)
DA:2,1
DA:3,1
DA:13,1
DA:20,17
DA:37,1
DA:39,1
DA:46,1
DA:54,34
DA:57,34
DA:65,1
DA:72,1
DA:80,1
DA:89,1
LF:13
LH:13
BRDA:54,0,0,17
BRDA:54,0,1,17
BRDA:54,1,0,17
BRDA:54,1,1,0
BRDA:57,2,0,17
BRDA:57,2,1,17
BRDA:57,3,0,17
BRDA:57,3,1,0
BRF:8
BRH:6
end_of_record
TN:
SF:src/pages/Melpik/Setting/SettingMelpik.tsx
FN:102,(anonymous_0)
FN:129,(anonymous_1)
FN:137,(anonymous_2)
FN:148,(anonymous_3)
FN:151,(anonymous_4)
FN:154,(anonymous_5)
FN:172,(anonymous_6)
FN:175,(anonymous_7)
FN:175,(anonymous_8)
FN:182,(anonymous_9)
FN:203,(anonymous_10)
FN:207,(anonymous_11)
FN:209,(anonymous_12)
FN:209,(anonymous_13)
FN:212,(anonymous_14)
FN:217,(anonymous_15)
FN:218,(anonymous_16)
FN:225,(anonymous_17)
FN:241,(anonymous_18)
FN:248,(anonymous_19)
FN:251,(anonymous_20)
FN:265,(anonymous_21)
FN:266,(anonymous_22)
FN:274,(anonymous_23)
FN:304,(anonymous_24)
FN:328,(anonymous_25)
FN:425,(anonymous_26)
FN:429,(anonymous_27)
FN:436,(anonymous_28)
FN:444,(anonymous_29)
FN:464,(anonymous_30)
FN:475,(anonymous_31)
FN:491,(anonymous_32)
FN:499,(anonymous_33)
FN:509,(anonymous_34)
FN:519,(anonymous_35)
FN:528,(anonymous_36)
FN:533,(anonymous_37)
FN:632,(anonymous_38)
FN:632,(anonymous_39)
FN:682,(anonymous_40)
FN:690,(anonymous_41)
FN:700,(anonymous_42)
FN:709,(anonymous_43)
FNF:44
FNH:24
FNDA:17,(anonymous_0)
FNDA:0,(anonymous_1)
FNDA:6,(anonymous_2)
FNDA:5,(anonymous_3)
FNDA:4,(anonymous_4)
FNDA:1,(anonymous_5)
FNDA:1,(anonymous_6)
FNDA:1,(anonymous_7)
FNDA:1,(anonymous_8)
FNDA:0,(anonymous_9)
FNDA:5,(anonymous_10)
FNDA:0,(anonymous_11)
FNDA:0,(anonymous_12)
FNDA:0,(anonymous_13)
FNDA:0,(anonymous_14)
FNDA:0,(anonymous_15)
FNDA:0,(anonymous_16)
FNDA:17,(anonymous_17)
FNDA:17,(anonymous_18)
FNDA:17,(anonymous_19)
FNDA:17,(anonymous_20)
FNDA:68,(anonymous_21)
FNDA:68,(anonymous_22)
FNDA:68,(anonymous_23)
FNDA:51,(anonymous_24)
FNDA:51,(anonymous_25)
FNDA:0,(anonymous_26)
FNDA:0,(anonymous_27)
FNDA:6,(anonymous_28)
FNDA:1,(anonymous_29)
FNDA:0,(anonymous_30)
FNDA:0,(anonymous_31)
FNDA:7,(anonymous_32)
FNDA:1,(anonymous_33)
FNDA:1,(anonymous_34)
FNDA:0,(anonymous_35)
FNDA:0,(anonymous_36)
FNDA:0,(anonymous_37)
FNDA:0,(anonymous_38)
FNDA:0,(anonymous_39)
FNDA:1,(anonymous_40)
FNDA:0,(anonymous_41)
FNDA:0,(anonymous_42)
FNDA:0,(anonymous_43)
DA:1,1
DA:2,1
DA:3,1
DA:4,1
DA:5,1
DA:6,1
DA:7,1
DA:15,1
DA:23,1
DA:33,1
DA:41,1
DA:53,1
DA:61,1
DA:65,1
DA:74,1
DA:102,1
DA:103,17
DA:104,17
DA:105,17
DA:107,17
DA:108,17
DA:110,17
DA:111,17
DA:113,17
DA:119,17
DA:124,17
DA:125,17
DA:127,17
DA:129,17
DA:130,0
DA:131,0
DA:132,0
DA:133,0
DA:137,17
DA:138,6
DA:139,6
DA:141,0
DA:144,17
DA:145,17
DA:148,17
DA:149,5
DA:150,5
DA:152,4
DA:157,1
DA:165,4
DA:173,1
DA:174,1
DA:175,1
DA:176,1
DA:179,1
DA:180,1
DA:185,0
DA:193,1
DA:203,5
DA:207,17
DA:208,0
DA:209,0
DA:212,17
DA:213,0
DA:215,0
DA:222,17
DA:225,17
DA:234,17
DA:241,17
DA:245,17
DA:248,17
DA:251,17
DA:258,17
DA:265,68
DA:266,68
DA:275,68
DA:280,17
DA:293,17
DA:301,17
DA:305,51
DA:321,17
DA:328,51
DA:335,17
DA:349,17
DA:355,17
DA:362,17
DA:374,17
DA:387,17
DA:411,17
DA:414,17
DA:421,17
DA:422,17
DA:425,17
DA:426,0
DA:427,0
DA:429,17
DA:430,0
DA:431,0
DA:435,17
DA:437,6
DA:447,1
DA:465,0
DA:478,0
DA:490,17
DA:492,7
DA:501,1
DA:511,1
DA:519,17
DA:520,0
DA:525,0
DA:526,0
DA:528,17
DA:529,0
DA:533,0
DA:542,0
DA:543,0
DA:546,17
DA:632,0
DA:683,1
DA:690,0
DA:700,0
DA:709,0
DA:720,1
DA:722,1
DA:731,1
DA:736,1
DA:742,1
DA:747,1
DA:754,1
DA:760,1
DA:769,1
LF:126
LH:99
BRDA:130,0,0,0
BRDA:130,0,1,0
BRDA:130,1,0,0
BRDA:130,1,1,0
BRDA:138,2,0,6
BRDA:138,2,1,0
BRDA:153,3,0,4
BRDA:153,3,1,0
BRDA:166,4,0,4
BRDA:166,4,1,1
BRDA:167,5,0,4
BRDA:167,5,1,1
BRDA:168,6,0,4
BRDA:168,6,1,4
BRDA:173,7,0,1
BRDA:173,7,1,0
BRDA:181,8,0,1
BRDA:181,8,1,0
BRDA:194,9,0,1
BRDA:194,9,1,1
BRDA:195,10,0,1
BRDA:195,10,1,1
BRDA:196,11,0,1
BRDA:196,11,1,1
BRDA:225,12,0,17
BRDA:225,12,1,0
BRDA:241,13,0,17
BRDA:241,13,1,0
BRDA:248,14,0,17
BRDA:248,14,1,0
BRDA:251,15,0,17
BRDA:251,15,1,0
BRDA:265,16,0,51
BRDA:265,16,1,17
BRDA:266,17,0,17
BRDA:266,17,1,51
BRDA:275,18,0,68
BRDA:275,18,1,17
BRDA:305,19,0,17
BRDA:305,19,1,34
BRDA:305,20,0,17
BRDA:305,20,1,17
BRDA:328,21,0,51
BRDA:328,21,1,0
BRDA:568,22,0,0
BRDA:568,22,1,17
BRDA:626,23,0,17
BRDA:626,23,1,0
BRDA:636,24,0,17
BRDA:636,24,1,0
BRDA:648,25,0,6
BRDA:648,25,1,11
BRDA:666,26,0,0
BRDA:666,26,1,17
BRDA:677,27,0,5
BRDA:677,27,1,12
BRDA:679,28,0,11
BRDA:679,28,1,1
BRF:58
BRH:41
end_of_record
TN:
SF:src/styles/Theme.ts
FNF:0
FNH:0
DA:1,1
DA:3,1
DA:114,1
LF:3
LH:3
BRF:0
BRH:0
end_of_record
